
****** Vivado(TM) HLS - High-Level Synthesis from C, C++ and SystemC v2019.2.1 (64-bit)
  **** SW Build 2729669 on Thu Dec  5 04:48:12 MST 2019
  **** IP Build 2729494 on Thu Dec  5 07:38:25 MST 2019
    ** Copyright 1986-2019 Xilinx, Inc. All Rights Reserved.

source /opt/xilinx/Xilinx_Vivado_vitis_2019.2/Vivado/2019.2/scripts/vivado_hls/hls.tcl -notrace
INFO: Applying HLS Y2K22 patch v1.2 for IP revision
INFO: [HLS 200-10] Running '/opt/xilinx/Xilinx_Vivado_vitis_2019.2/Vivado/2019.2/bin/unwrapped/lnx64.o/vivado_hls'
INFO: [HLS 200-10] For user 'nz264' on host 'en-ec-brg-zhang-xcel.coecis.cornell.edu' (Linux_x86_64 version 3.10.0-1160.76.1.el7.x86_64) on Tue Jan 10 01:56:29 EST 2023
INFO: [HLS 200-10] On os "CentOS Linux release 7.9.2009 (Core)"
INFO: [HLS 200-10] In directory '/work/shared/users/phd/nz264/mlir/debug/vivado_prjs/fixed_packing'
Sourcing Tcl script 'run.tcl'
INFO: [HLS 200-10] Opening and resetting project '/work/shared/users/phd/nz264/mlir/debug/vivado_prjs/fixed_packing/kernel.prj'.
INFO: [HLS 200-10] Adding design file 'kernel.cpp' to the project
INFO: [HLS 200-10] Adding test bench file 'host.cpp' to the project
INFO: [HLS 200-10] Opening and resetting solution '/work/shared/users/phd/nz264/mlir/debug/vivado_prjs/fixed_packing/kernel.prj/solution1'.
INFO: [HLS 200-10] Cleaning up the solution database.
INFO: [HLS 200-10] Setting target device to 'xc7z020-clg484-1'
INFO: [SYN 201-201] Setting up clock 'default' with a period of 10ns.
INFO: [SIM 211-2] *************** CSIM start ***************
INFO: [SIM 211-4] CSIM will launch GCC as the compiler.
   Compiling ../../../../host.cpp in debug mode
   Compiling ../../../../kernel.cpp in debug mode
   Generating csim.exe
quantized: 
-1.8750, 0.2500, 1.1250, 
outputs: 
-1.8750, 0.2500, 1.1250, 
INFO: [SIM 211-1] CSim done with 0 errors.
INFO: [SIM 211-3] *************** CSIM finish ***************
INFO: [Common 17-206] Exiting vivado_hls at Tue Jan 10 01:56:39 2023...
