INFO-FLOW: Workspace /work/shared/users/phd/nz264/mlir/debug/type_inference/vivado_prjs/shift/kernel.prj/solution1 opened at Sat Jan 07 21:05:50 EST 2023
Command     open_solution done; 0.14 sec.
Execute     set_part xc7z020clg484-1 
Execute       ap_part_info -name xc7z020clg484-1 -data single -quiet 
Command       ap_part_info done; 4.51 sec.
Execute       ap_part_info -name xc7z020clg484-1 -data info 
Execute       add_library xilinx/zynq/zynq:xc7z020:-clg484:-1 
Execute         get_default_platform 
Execute         open_platform DefaultPlatform 
Execute         import_lib /opt/xilinx/Xilinx_Vivado_vitis_2019.2/Vivado/2019.2/common/technology/xilinx/zynq/zynq 
Execute           source /opt/xilinx/Xilinx_Vivado_vitis_2019.2/Vivado/2019.2/common/technology/xilinx/common/xilinx.lib 
Execute             source /opt/xilinx/Xilinx_Vivado_vitis_2019.2/Vivado/2019.2/common/technology/xilinx/interface/xilinx_interface.lib 
Execute               source /opt/xilinx/Xilinx_Vivado_vitis_2019.2/Vivado/2019.2/common/technology/xilinx/interface/plb46.lib 
Execute               source /opt/xilinx/Xilinx_Vivado_vitis_2019.2/Vivado/2019.2/common/technology/xilinx/interface/fsl.lib 
Execute               source /opt/xilinx/Xilinx_Vivado_vitis_2019.2/Vivado/2019.2/common/technology/xilinx/interface/axi4.lib 
Execute               source /opt/xilinx/Xilinx_Vivado_vitis_2019.2/Vivado/2019.2/common/technology/xilinx/interface/maxi.lib 
Execute               source /opt/xilinx/Xilinx_Vivado_vitis_2019.2/Vivado/2019.2/common/technology/xilinx/interface/saxilite.lib 
Execute             source /opt/xilinx/Xilinx_Vivado_vitis_2019.2/Vivado/2019.2/common/technology/xilinx/common/dsp48.lib 
Execute             source /opt/xilinx/Xilinx_Vivado_vitis_2019.2/Vivado/2019.2/common/technology/xilinx/ip/dds_compiler.lib 
Execute             source /opt/xilinx/Xilinx_Vivado_vitis_2019.2/Vivado/2019.2/common/technology/xilinx/ip/xfft.lib 
Execute             source /opt/xilinx/Xilinx_Vivado_vitis_2019.2/Vivado/2019.2/common/technology/xilinx/ip/xfir.lib 
Execute           source /opt/xilinx/Xilinx_Vivado_vitis_2019.2/Vivado/2019.2/common/technology/xilinx/common/xilinx.hlp 
Execute             source /opt/xilinx/Xilinx_Vivado_vitis_2019.2/Vivado/2019.2/common/technology/xilinx/common/target_info.tcl 
Execute             source /opt/xilinx/Xilinx_Vivado_vitis_2019.2/Vivado/2019.2/common/technology/xilinx/interface/xilinx_interface.hlp 
Execute               source /opt/xilinx/Xilinx_Vivado_vitis_2019.2/Vivado/2019.2/common/technology/xilinx/interface/maxi.hlp 
Execute               source /opt/xilinx/Xilinx_Vivado_vitis_2019.2/Vivado/2019.2/common/technology/xilinx/interface/saxilite.hlp 
Execute             source /opt/xilinx/Xilinx_Vivado_vitis_2019.2/Vivado/2019.2/common/technology/xilinx/common/dsp48.hlp 
Execute           source /opt/xilinx/Xilinx_Vivado_vitis_2019.2/Vivado/2019.2/common/technology/xilinx/zynq/dsp48e1.hlp 
Execute           source /opt/xilinx/Xilinx_Vivado_vitis_2019.2/Vivado/2019.2/common/technology/xilinx/common/xilinx.hlp 
Execute             source /opt/xilinx/Xilinx_Vivado_vitis_2019.2/Vivado/2019.2/common/technology/xilinx/common/target_info.tcl 
Execute             source /opt/xilinx/Xilinx_Vivado_vitis_2019.2/Vivado/2019.2/common/technology/xilinx/interface/xilinx_interface.hlp 
Execute               source /opt/xilinx/Xilinx_Vivado_vitis_2019.2/Vivado/2019.2/common/technology/xilinx/interface/maxi.hlp 
Execute               source /opt/xilinx/Xilinx_Vivado_vitis_2019.2/Vivado/2019.2/common/technology/xilinx/interface/saxilite.hlp 
Execute             source /opt/xilinx/Xilinx_Vivado_vitis_2019.2/Vivado/2019.2/common/technology/xilinx/common/dsp48.hlp 
Execute         source /opt/xilinx/Xilinx_Vivado_vitis_2019.2/Vivado/2019.2/common/technology/xilinx/zynq/zynq.gen 
Execute           source /opt/xilinx/Xilinx_Vivado_vitis_2019.2/Vivado/2019.2/common/technology/xilinx/common/xilinx.gen 
Execute             source /opt/xilinx/Xilinx_Vivado_vitis_2019.2/Vivado/2019.2/common/technology/xilinx/interface/plb46.gen 
Execute             source /opt/xilinx/Xilinx_Vivado_vitis_2019.2/Vivado/2019.2/common/technology/xilinx/interface/fsl.gen 
Execute             source /opt/xilinx/Xilinx_Vivado_vitis_2019.2/Vivado/2019.2/common/technology/xilinx/interface/axi4.gen 
Execute             source /opt/xilinx/Xilinx_Vivado_vitis_2019.2/Vivado/2019.2/common/technology/xilinx/interface/nativeAXI4.gen 
Execute               source /opt/xilinx/Xilinx_Vivado_vitis_2019.2/Vivado/2019.2/common/technology/xilinx/interface/saxilite.gen 
Execute               source /opt/xilinx/Xilinx_Vivado_vitis_2019.2/Vivado/2019.2/common/technology/xilinx/interface/maxi.gen 
Execute             source /opt/xilinx/Xilinx_Vivado_vitis_2019.2/Vivado/2019.2/common/technology/xilinx/scripts/xilinxcoregen.gen 
Execute             source /opt/xilinx/Xilinx_Vivado_vitis_2019.2/Vivado/2019.2/common/technology/xilinx/interface/XilEDKCoreGen.gen 
Execute             source /opt/xilinx/Xilinx_Vivado_vitis_2019.2/Vivado/2019.2/common/technology/xilinx/ip/dds_compiler.gen 
Execute             source /opt/xilinx/Xilinx_Vivado_vitis_2019.2/Vivado/2019.2/common/technology/xilinx/ip/util.gen 
Execute             source /opt/xilinx/Xilinx_Vivado_vitis_2019.2/Vivado/2019.2/common/technology/xilinx/ip/xfft.gen 
Command             ap_source done; 0.11 sec.
Execute             source /opt/xilinx/Xilinx_Vivado_vitis_2019.2/Vivado/2019.2/common/technology/xilinx/ip/xfir.gen 
Execute             source /opt/xilinx/Xilinx_Vivado_vitis_2019.2/Vivado/2019.2/common/technology/xilinx/common/dsp48.gen 
Command           ap_source done; 0.18 sec.
Command         ap_source done; 0.18 sec.
Execute         ap_part_info -data single -name xc7z020-clg484-1 
Execute         ap_part_info -name xc7z020-clg484-1 -data resources 
Execute         ap_part_info -name xc7z020-clg484-1 -data info 
Execute         ap_part_info -name xc7z020-clg484-1 -data info 
Execute         config_chip_info -quiet -resource {SLICE 13300} {LUT 53200} {FF 106400} {DSP48E 220} {BRAM 280} {URAM 0} 
Execute         ap_part_info -name xc7z020-clg484-1 -data info 
Execute         config_chip_info -quiet -speed slow 
Command       add_library done; 0.32 sec.
Execute       add_library xilinx/zynq/zynq_fpv6 
Execute         get_default_platform 
Execute         open_platform DefaultPlatform 
Execute         import_lib /opt/xilinx/Xilinx_Vivado_vitis_2019.2/Vivado/2019.2/common/technology/xilinx/zynq/zynq_fpv6 
Execute           source /opt/xilinx/Xilinx_Vivado_vitis_2019.2/Vivado/2019.2/common/technology/xilinx/common/xilinx_fp.lib 
Execute           source /opt/xilinx/Xilinx_Vivado_vitis_2019.2/Vivado/2019.2/common/technology/xilinx/common/xilinx_fp.hlp 
Execute             source /opt/xilinx/Xilinx_Vivado_vitis_2019.2/Vivado/2019.2/common/technology/xilinx/common/xilinx.hlp 
Execute               source /opt/xilinx/Xilinx_Vivado_vitis_2019.2/Vivado/2019.2/common/technology/xilinx/common/target_info.tcl 
Execute               source /opt/xilinx/Xilinx_Vivado_vitis_2019.2/Vivado/2019.2/common/technology/xilinx/interface/xilinx_interface.hlp 
Execute                 source /opt/xilinx/Xilinx_Vivado_vitis_2019.2/Vivado/2019.2/common/technology/xilinx/interface/maxi.hlp 
Execute                 source /opt/xilinx/Xilinx_Vivado_vitis_2019.2/Vivado/2019.2/common/technology/xilinx/interface/saxilite.hlp 
Execute               source /opt/xilinx/Xilinx_Vivado_vitis_2019.2/Vivado/2019.2/common/technology/xilinx/common/dsp48.hlp 
Execute         source /opt/xilinx/Xilinx_Vivado_vitis_2019.2/Vivado/2019.2/common/technology/xilinx/zynq/zynq_fpv6.gen 
Execute           source /opt/xilinx/Xilinx_Vivado_vitis_2019.2/Vivado/2019.2/common/technology/xilinx/common/xilinx_fp.gen 
INFO: [HLS 200-10] Setting target device to 'xc7z020-clg484-1'
Execute       ap_part_info -name xc7z020-clg484-1 -data info 
Execute       get_default_platform 
Command     set_part done; 4.99 sec.
Execute     create_clock -period 10 -name default 
Execute       config_clock -quiet -name default -period 10 -default=false 
INFO: [SYN 201-201] Setting up clock 'default' with a period of 10ns.
Execute     csynth_design 
Execute       get_config_compile -dump_cfg 
Execute       get_config_compile -effort 
Execute       get_config_compile -enable_clang39 
Execute       get_config_compile -g 
Execute       get_config_compile -ng 
Execute       get_config_compile -opt_fp 
Execute       get_config_compile -skip_cdt 
Execute       get_config_compile -skip_syncheck 
Execute       get_config_compile -skip_transform 
Execute       get_config_compile -keep_printf 
Execute       elaborate -effort=medium -skip_syncheck=0 -keep_printf=0 -skip_cdt=0 -skip_transform=0 -ng=0 -g=0 -opt_fp=0 -from_csynth_design=1 
Execute         get_config_schedule -relax_ii_for_timing 
INFO: [SCHED 204-61] Option 'relax_ii_for_timing' is enabled, will increase II to preserve clock frequency constraints.
Execute         get_config_schedule -suppress_dependence_error_break 
INFO: [HLS 200-10] Analyzing design file 'kernel.cpp' ... 
INFO-FLOW: Compiling one TU...
Execute         is_m_axi_addr64 
INFO-FLOW: Handling kernel.cpp as C++
Execute         ap_part_info -name xc7z020-clg484-1 -data info 
Execute         is_encrypted kernel.cpp 
Execute         ap_part_info -name xc7z020-clg484-1 -data info 
INFO-FLOW: Running: GCC PP
INFO-FLOW: Source preprocessing
Execute         clang  -fno-limit-debug-info -gcc-toolchain "/opt/xilinx/Xilinx_Vivado_vitis_2019.2/Vivado/2019.2/lnx64/tools/gcc" -hls  -fno-exceptions  -D__llvm__  -E "kernel.cpp"     -fno-math-errno -c -emit-llvm -O0  -mllvm -disable-llvm-optzns -fno-threadsafe-statics  -fno-use-cxa-atexit  -fno-threadsafe-statics -fno-use-cxa-atexit -D__CLANG_3_1__ -DAESL_SYN -D__SYNTHESIS__ -D__HLS_SYN__ -I "/opt/xilinx/Xilinx_Vivado_vitis_2019.2/Vivado/2019.2/common/technology/autopilot" -I "/opt/xilinx/Xilinx_Vivado_vitis_2019.2/Vivado/2019.2/common/technology/autopilot/ap_sysc" -include etc/autopilot_ssdm_op.h -D__DSP48E1__  -o "/work/shared/users/phd/nz264/mlir/debug/type_inference/vivado_prjs/shift/kernel.prj/solution1/.autopilot/db/kernel.pp.0.cpp" 
INFO-FLOW: exec /opt/xilinx/Xilinx_Vivado_vitis_2019.2/Vivado/2019.2/lnx64/tools/clang/bin/clang -fno-limit-debug-info -gcc-toolchain /opt/xilinx/Xilinx_Vivado_vitis_2019.2/Vivado/2019.2/lnx64/tools/gcc -hls -fno-exceptions -D__llvm__ -E kernel.cpp -fno-math-errno -c -emit-llvm -O0 -mllvm -disable-llvm-optzns -fno-threadsafe-statics -fno-use-cxa-atexit -fno-threadsafe-statics -fno-use-cxa-atexit -D__CLANG_3_1__ -DAESL_SYN -D__SYNTHESIS__ -D__HLS_SYN__ -I /opt/xilinx/Xilinx_Vivado_vitis_2019.2/Vivado/2019.2/common/technology/autopilot -I /opt/xilinx/Xilinx_Vivado_vitis_2019.2/Vivado/2019.2/common/technology/autopilot/ap_sysc -include etc/autopilot_ssdm_op.h -D__DSP48E1__ -o /work/shared/users/phd/nz264/mlir/debug/type_inference/vivado_prjs/shift/kernel.prj/solution1/.autopilot/db/kernel.pp.0.cpp
Command         clang done; 2.44 sec.
Execute         tidy_31 xilinx-xfmat-array-geometry /work/shared/users/phd/nz264/mlir/debug/type_inference/vivado_prjs/shift/kernel.prj/solution1/.autopilot/db/kernel.pp.0.cpp std=gnu++98 
INFO-FLOW: exec /opt/xilinx/Xilinx_Vivado_vitis_2019.2/Vivado/2019.2/lnx64/tools/clang-3.9-csynth/bin/tidy-3.1 -header-filter=.* -checks=-*,xilinx-xfmat-array-geometry -quiet -fix /work/shared/users/phd/nz264/mlir/debug/type_inference/vivado_prjs/shift/kernel.prj/solution1/.autopilot/db/kernel.pp.0.cpp -- -std=gnu++98 -fhls -ferror-limit=0
Command         tidy_31 done; 0.84 sec.
INFO-FLOW: Syntax Checking before pre-processing...
Execute         clang -syntaxcheck -src /work/shared/users/phd/nz264/mlir/debug/type_inference/vivado_prjs/shift/kernel.prj/solution1/.autopilot/db/kernel.pp.0.cpp  -fno-limit-debug-info -gcc-toolchain "/opt/xilinx/Xilinx_Vivado_vitis_2019.2/Vivado/2019.2/lnx64/tools/gcc" -hls    -fno-math-errno -c -emit-llvm -O0  -mllvm -disable-llvm-optzns -fno-threadsafe-statics  -fno-use-cxa-atexit  -fno-threadsafe-statics -fno-use-cxa-atexit -D__CLANG_3_1__ -DAESL_SYN -D__SYNTHESIS__ -D__HLS_SYN__ -I "/opt/xilinx/Xilinx_Vivado_vitis_2019.2/Vivado/2019.2/common/technology/autopilot" -I "/opt/xilinx/Xilinx_Vivado_vitis_2019.2/Vivado/2019.2/common/technology/autopilot/ap_sysc" -include etc/autopilot_ssdm_op.h -D__DSP48E1__  "/work/shared/users/phd/nz264/mlir/debug/type_inference/vivado_prjs/shift/kernel.prj/solution1/.autopilot/db/kernel.pp.0.cpp"  -o "/work/shared/users/phd/nz264/mlir/debug/type_inference/vivado_prjs/shift/kernel.prj/solution1/.autopilot/db/useless.bc"  
INFO-FLOW: exec /opt/xilinx/Xilinx_Vivado_vitis_2019.2/Vivado/2019.2/lnx64/tools/clang/bin/clang -fno-limit-debug-info -gcc-toolchain /opt/xilinx/Xilinx_Vivado_vitis_2019.2/Vivado/2019.2/lnx64/tools/gcc -hls -fno-math-errno -c -emit-llvm -O0 -mllvm -disable-llvm-optzns -fno-threadsafe-statics -fno-use-cxa-atexit -fno-threadsafe-statics -fno-use-cxa-atexit -D__CLANG_3_1__ -DAESL_SYN -D__SYNTHESIS__ -D__HLS_SYN__ -I /opt/xilinx/Xilinx_Vivado_vitis_2019.2/Vivado/2019.2/common/technology/autopilot -I /opt/xilinx/Xilinx_Vivado_vitis_2019.2/Vivado/2019.2/common/technology/autopilot/ap_sysc -include etc/autopilot_ssdm_op.h -D__DSP48E1__ /work/shared/users/phd/nz264/mlir/debug/type_inference/vivado_prjs/shift/kernel.prj/solution1/.autopilot/db/kernel.pp.0.cpp -o /work/shared/users/phd/nz264/mlir/debug/type_inference/vivado_prjs/shift/kernel.prj/solution1/.autopilot/db/useless.bc
Command         clang done; 2.65 sec.
INFO-FLOW: Done: GCC PP time: 5.9 seconds per iteration
Execute         source /opt/xilinx/Xilinx_Vivado_vitis_2019.2/Vivado/2019.2/tps/tcl/tcllib1.11.1/yaml/huddle.tcl 
Execute         source /opt/xilinx/Xilinx_Vivado_vitis_2019.2/Vivado/2019.2/tps/tcl/tcllib1.11.1/yaml/json2huddle.tcl 
Execute           source /opt/xilinx/Xilinx_Vivado_vitis_2019.2/Vivado/2019.2/tps/tcl/tcllib1.11.1/try/try.tcl 
Execute         list_core -type functional_unit 
Execute         tidy_31 xilinx-systemc-detector /work/shared/users/phd/nz264/mlir/debug/type_inference/vivado_prjs/shift/kernel.prj/solution1/.autopilot/db/kernel.pp.0.cpp std=gnu++98 -directive=/work/shared/users/phd/nz264/mlir/debug/type_inference/vivado_prjs/shift/kernel.prj/solution1/.autopilot/db/.systemc_flag 
INFO-FLOW: exec /opt/xilinx/Xilinx_Vivado_vitis_2019.2/Vivado/2019.2/lnx64/tools/clang-3.9-csynth/bin/tidy-3.1 -header-filter=.* -checks=-*,xilinx-systemc-detector -import-directive=/work/shared/users/phd/nz264/mlir/debug/type_inference/vivado_prjs/shift/kernel.prj/solution1/.autopilot/db/.systemc_flag -quiet -fix-errors /work/shared/users/phd/nz264/mlir/debug/type_inference/vivado_prjs/shift/kernel.prj/solution1/.autopilot/db/kernel.pp.0.cpp -- -std=gnu++98 -fhls -ferror-limit=0
Command         tidy_31 done; 0.57 sec.
INFO-FLOW: Running: tidy-3.1 CDT preprocess
Execute         tidy_31 xilinx-directive2pragma /work/shared/users/phd/nz264/mlir/debug/type_inference/vivado_prjs/shift/kernel.prj/solution1/.autopilot/db/kernel.pp.0.cpp std=gnu++98 -directive=/work/shared/users/phd/nz264/mlir/debug/type_inference/vivado_prjs/shift/kernel.prj/solution1/.autopilot/db/all.directive.json 
INFO-FLOW: exec /opt/xilinx/Xilinx_Vivado_vitis_2019.2/Vivado/2019.2/lnx64/tools/clang-3.9-csynth/bin/tidy-3.1 -header-filter=.* -checks=-*,xilinx-directive2pragma -import-directive=/work/shared/users/phd/nz264/mlir/debug/type_inference/vivado_prjs/shift/kernel.prj/solution1/.autopilot/db/all.directive.json -quiet -fix-errors /work/shared/users/phd/nz264/mlir/debug/type_inference/vivado_prjs/shift/kernel.prj/solution1/.autopilot/db/kernel.pp.0.cpp -- -std=gnu++98 -fhls -ferror-limit=0
Command         tidy_31 done; 0.72 sec.
Execute         get_config_dataflow -strict_mode 
Execute         ap_eval exec -ignorestderr /opt/xilinx/Xilinx_Vivado_vitis_2019.2/Vivado/2019.2/lnx64/tools/clang-3.9-csynth/bin/xilinx-dataflow-lawyer -export-fixes=/work/shared/users/phd/nz264/mlir/debug/type_inference/vivado_prjs/shift/kernel.prj/solution1/.autopilot/db/xilinx-dataflow-lawyer.kernel.pp.0.cpp.diag.yml /work/shared/users/phd/nz264/mlir/debug/type_inference/vivado_prjs/shift/kernel.prj/solution1/.autopilot/db/kernel.pp.0.cpp -- -std=gnu++98 -fhls -ferror-limit=0 -fstrict-dataflow > /work/shared/users/phd/nz264/mlir/debug/type_inference/vivado_prjs/shift/kernel.prj/solution1/.autopilot/db/xilinx-dataflow-lawyer.kernel.pp.0.cpp.out.log 2> /work/shared/users/phd/nz264/mlir/debug/type_inference/vivado_prjs/shift/kernel.prj/solution1/.autopilot/db/xilinx-dataflow-lawyer.kernel.pp.0.cpp.err.log 
Command         ap_eval done; 0.83 sec.
Execute         tidy_31 -errorcheck xilinx-constantarray-param,xilinx-resource-pragma-transformer,xilinx-xfmat-array-geometry /work/shared/users/phd/nz264/mlir/debug/type_inference/vivado_prjs/shift/kernel.prj/solution1/.autopilot/db/kernel.pp.0.cpp std=gnu++98 
Execute           ap_eval exec -ignorestderr /opt/xilinx/Xilinx_Vivado_vitis_2019.2/Vivado/2019.2/lnx64/tools/clang-3.9-csynth/bin/tidy-3.1 -export-fixes=/work/shared/users/phd/nz264/mlir/debug/type_inference/vivado_prjs/shift/kernel.prj/solution1/.autopilot/db/tidy-3.1.kernel.pp.0.cpp.diag.yml -header-filter=.* -checks=-*,xilinx-constantarray-param,xilinx-resource-pragma-transformer,xilinx-xfmat-array-geometry -quiet -fix-errors /work/shared/users/phd/nz264/mlir/debug/type_inference/vivado_prjs/shift/kernel.prj/solution1/.autopilot/db/kernel.pp.0.cpp -- -std=gnu++98 -fhls -ferror-limit=0 > /work/shared/users/phd/nz264/mlir/debug/type_inference/vivado_prjs/shift/kernel.prj/solution1/.autopilot/db/tidy-3.1.kernel.pp.0.cpp.out.log 2> /work/shared/users/phd/nz264/mlir/debug/type_inference/vivado_prjs/shift/kernel.prj/solution1/.autopilot/db/tidy-3.1.kernel.pp.0.cpp.err.log 
Command           ap_eval done; 1.34 sec.
Execute           source /opt/xilinx/Xilinx_Vivado_vitis_2019.2/Vivado/2019.2/tps/tcl/tcllib1.11.1/yaml/yaml.tcl 
Execute             source /opt/xilinx/Xilinx_Vivado_vitis_2019.2/Vivado/2019.2/tps/tcl/tcllib1.11.1/cmdline/cmdline.tcl 
Execute           ap_eval exec -ignorestderr /opt/xilinx/Xilinx_Vivado_vitis_2019.2/Vivado/2019.2/lnx64/tools/clang-3.9-csynth/bin/xilinx-legacy-rewriter /work/shared/users/phd/nz264/mlir/debug/type_inference/vivado_prjs/shift/kernel.prj/solution1/.autopilot/db/kernel.pp.0.cpp -- -std=gnu++98 -fhls -ferror-limit=0 > /work/shared/users/phd/nz264/mlir/debug/type_inference/vivado_prjs/shift/kernel.prj/solution1/.autopilot/db/xilinx-legacy-rewriter.kernel.pp.0.cpp.out.log 2> /work/shared/users/phd/nz264/mlir/debug/type_inference/vivado_prjs/shift/kernel.prj/solution1/.autopilot/db/xilinx-legacy-rewriter.kernel.pp.0.cpp.err.log 
Command           ap_eval done; 0.65 sec.
Command         tidy_31 done; 2.06 sec.
INFO-FLOW: Done: tidy-3.1 CDT preprocess time: 3.6 seconds per iteration
INFO-FLOW: Pragma Handling...
Execute         tidy_31 xilinx-ssdm-intrinsics-arguments /work/shared/users/phd/nz264/mlir/debug/type_inference/vivado_prjs/shift/kernel.prj/solution1/.autopilot/db/kernel.pragma.1.cpp std=gnu++98 
INFO-FLOW: exec /opt/xilinx/Xilinx_Vivado_vitis_2019.2/Vivado/2019.2/lnx64/tools/clang-3.9-csynth/bin/tidy-3.1 -header-filter=.* -checks=-*,xilinx-ssdm-intrinsics-arguments -quiet -fix-errors /work/shared/users/phd/nz264/mlir/debug/type_inference/vivado_prjs/shift/kernel.prj/solution1/.autopilot/db/kernel.pragma.1.cpp -- -std=gnu++98 -fhls -ferror-limit=0
Command         tidy_31 done; 0.81 sec.
Execute         ap_part_info -name xc7z020-clg484-1 -data info 
INFO-FLOW: Processing labels
Execute         clang -src /work/shared/users/phd/nz264/mlir/debug/type_inference/vivado_prjs/shift/kernel.prj/solution1/.autopilot/db/kernel.pragma.2.cpp  -fno-limit-debug-info -gcc-toolchain /opt/xilinx/Xilinx_Vivado_vitis_2019.2/Vivado/2019.2/lnx64/tools/gcc -hls -hls-analyze-label -hls-analyze-pragma -fno-exceptions  -D__llvm__  -w  "/work/shared/users/phd/nz264/mlir/debug/type_inference/vivado_prjs/shift/kernel.prj/solution1/.autopilot/db/kernel.pragma.2.cpp"    -fno-math-errno -c -emit-llvm -O0  -mllvm -disable-llvm-optzns -fno-threadsafe-statics  -fno-use-cxa-atexit -DAESL_SYN -D__SYNTHESIS__ -D__HLS_SYN__ -I "/opt/xilinx/Xilinx_Vivado_vitis_2019.2/Vivado/2019.2/common/technology/autopilot" -I "/opt/xilinx/Xilinx_Vivado_vitis_2019.2/Vivado/2019.2/common/technology/autopilot/ap_sysc" -include etc/autopilot_ssdm_op.h -D__DSP48E1__ -g -o "/work/shared/users/phd/nz264/mlir/debug/type_inference/vivado_prjs/shift/kernel.prj/solution1/.autopilot/db/kernel.bc" 
INFO-FLOW: exec /opt/xilinx/Xilinx_Vivado_vitis_2019.2/Vivado/2019.2/lnx64/tools/clang/bin/clang -fno-limit-debug-info -gcc-toolchain /opt/xilinx/Xilinx_Vivado_vitis_2019.2/Vivado/2019.2/lnx64/tools/gcc -hls -hls-analyze-label -hls-analyze-pragma -fno-exceptions -D__llvm__ -w /work/shared/users/phd/nz264/mlir/debug/type_inference/vivado_prjs/shift/kernel.prj/solution1/.autopilot/db/kernel.pragma.2.cpp -fno-math-errno -c -emit-llvm -O0 -mllvm -disable-llvm-optzns -fno-threadsafe-statics -fno-use-cxa-atexit -DAESL_SYN -D__SYNTHESIS__ -D__HLS_SYN__ -I /opt/xilinx/Xilinx_Vivado_vitis_2019.2/Vivado/2019.2/common/technology/autopilot -I /opt/xilinx/Xilinx_Vivado_vitis_2019.2/Vivado/2019.2/common/technology/autopilot/ap_sysc -include etc/autopilot_ssdm_op.h -D__DSP48E1__ -g -o /work/shared/users/phd/nz264/mlir/debug/type_inference/vivado_prjs/shift/kernel.prj/solution1/.autopilot/db/kernel.bc
Command         clang done; 2.65 sec.
INFO-FLOW: Linking Debug ...
Execute         llvm-ld /work/shared/users/phd/nz264/mlir/debug/type_inference/vivado_prjs/shift/kernel.prj/solution1/.autopilot/db/kernel.g.bc -hls-opt -except-internalize kernel -L/opt/xilinx/Xilinx_Vivado_vitis_2019.2/Vivado/2019.2/lnx64/lib -lhlsm -lhlsmc++ -o /work/shared/users/phd/nz264/mlir/debug/type_inference/vivado_prjs/shift/kernel.prj/solution1/.autopilot/db/a.g 
Command         llvm-ld done; 1.15 sec.
INFO: [HLS 200-111] Finished Linking Time (s): cpu = 00:00:17 ; elapsed = 00:00:21 . Memory (MB): peak = 1057.715 ; gain = 527.219 ; free physical = 143260 ; free virtual = 193263
INFO: [HLS 200-111] Finished Checking Pragmas Time (s): cpu = 00:00:17 ; elapsed = 00:00:21 . Memory (MB): peak = 1057.715 ; gain = 527.219 ; free physical = 143260 ; free virtual = 193263
Execute         get_config_sdx -target 
Execute         opt_and_import_c a -opt_level=2 -skip_syncheck=0 -ng=0 -keep_printf=0 
Execute           cleanup_all_models 
INFO: [HLS 200-10] Starting code transformations ...
Execute           transform -promote-dbg-pointer /work/shared/users/phd/nz264/mlir/debug/type_inference/vivado_prjs/shift/kernel.prj/solution1/.autopilot/db/a.pp.bc -o /work/shared/users/phd/nz264/mlir/debug/type_inference/vivado_prjs/shift/kernel.prj/solution1/.autopilot/db/a.pp.0.bc -f 
Execute           llvm-ld /work/shared/users/phd/nz264/mlir/debug/type_inference/vivado_prjs/shift/kernel.prj/solution1/.autopilot/db/a.pp.0.bc -disable-opt -L/opt/xilinx/Xilinx_Vivado_vitis_2019.2/Vivado/2019.2/lnx64/lib -lfloatconversion -o /work/shared/users/phd/nz264/mlir/debug/type_inference/vivado_prjs/shift/kernel.prj/solution1/.autopilot/db/a.g.0 
Command           llvm-ld done; 1.31 sec.
INFO-FLOW: Running Standard Transforms...
Execute           transform -hls -share-std-xform -demangle-name -inline-byval-memcpy -always-inline -promote-dbg-pointer -interface-preproc -mem2reg -scalarrepl -mem2reg -keep-read-access -instcombine -dce -promote-dbg-pointer -bitop-raise -loop-simplify -indvarspre -indvars -loop-simplify -xunroll -constprop -instcombine -simplifycfg -indvars -simplifycfg -dce -globaldce -basicaa -simplifycfg -mem2reg -globalopt -global-constprop -deadargelim -instcombine -simplifycfg -prune-eh -simplifycfg -scalarrepl -instcombine -reassociate -licm -simplifycfg -loop-simplify -indvars -instcombine -simplifycfg -mem2reg -loop-simplify -indvars -instcombine -gvn -gvn -instcombine -adce -break-crit-edges -simplifycfg -loop-delete -global-array-opt -dce -dse -adce -find-syn-modules -top kernel -deadargelim -mem2reg -instcombine -dce -presyn-prepare -auto-rom-infer -interface-preproc -syn-check -check-rec-only -find-region -simplifycfg -func-extr -function-inline -globaldce -mem2reg -instcombine -dce -gvn -globaldce -adce -adse -constprop -instcombine -bit-constprop -instcombine -dce -simplifycfg -bitop-raise -simplifycfg -dce -loop-delete -reassociate -globalopt -global-privatize -mem2reg -dce -global-constprop -pointer-simplify -constprop -dce -func-inst -deadargelim -auto-shift-reg-idiom -promote-dbg-pointer -norm-name /work/shared/users/phd/nz264/mlir/debug/type_inference/vivado_prjs/shift/kernel.prj/solution1/.autopilot/db/a.g.0.bc -o /work/shared/users/phd/nz264/mlir/debug/type_inference/vivado_prjs/shift/kernel.prj/solution1/.autopilot/db/a.g.1.bc -f -phase std-opt 
INFO: [HLS 200-111] Finished Standard Transforms Time (s): cpu = 00:00:18 ; elapsed = 00:00:23 . Memory (MB): peak = 1057.715 ; gain = 527.219 ; free physical = 143255 ; free virtual = 193257
INFO: [HLS 200-10] Checking synthesizability ...
INFO-FLOW: Checking Synthesizability 1/2..
Execute           transform -hls -syn-check -check-rec-only -disaggr -scalarrepl -norm-name -dce -mem2reg -instcombine -function-uniquify -directive-preproc -mem2reg -dse -dce -auto-rom-infer -dce -pag -array-normalize -instcombine -dce -warn-fifo-pointer -array-seg-normalize -instcombine -dce -array-flatten -instcombine -dce -array-burst -dce -deadargelim -promote-global-argument -simplifycfg -mem2reg -globaldce -dce -deadargelim -dce -instcombine -function-inline -globaldce -dce -doublePtrSimplify -doublePtrElim -dce -doublePtrSimplify -promote-dbg-pointer -dce -scalarrepl -dse -adse -instcombine -ptrLegalization -simplifycfg -dce -instcombine -pointer-simplify -ptrArgReplace -dce -instcombine -resolve-double-ptr -disaggr -scalarrepl -norm-name -dce -mem2reg -instcombine -ptrLegalization -simplifycfg -deadargelim -instcombine -dce -inst-simplify -function-uniquify -directive-preproc -mem2reg -dse -dce -globaldce -check-dspbuiltin /work/shared/users/phd/nz264/mlir/debug/type_inference/vivado_prjs/shift/kernel.prj/solution1/.autopilot/db/a.g.1.bc -o /work/shared/users/phd/nz264/mlir/debug/type_inference/vivado_prjs/shift/kernel.prj/solution1/.autopilot/db/a.g.2.prechk.bc -f 
INFO-FLOW: Checking Synthesizability 2/2..
Execute           transform -syn-check /work/shared/users/phd/nz264/mlir/debug/type_inference/vivado_prjs/shift/kernel.prj/solution1/.autopilot/db/a.g.2.prechk.bc -o /work/shared/users/phd/nz264/mlir/debug/type_inference/vivado_prjs/shift/kernel.prj/solution1/.autopilot/db/a.g.2.bc -f -phase syn-check 
INFO: [HLS 200-111] Finished Checking Synthesizability Time (s): cpu = 00:00:18 ; elapsed = 00:00:23 . Memory (MB): peak = 1057.715 ; gain = 527.219 ; free physical = 143249 ; free virtual = 193251
INFO-FLOW: Compiler optimizing ...
INFO-FLOW: Share syncheck's 1.bc for syn flow: copy /work/shared/users/phd/nz264/mlir/debug/type_inference/vivado_prjs/shift/kernel.prj/solution1/.autopilot/db/a.g.1.bc to /work/shared/users/phd/nz264/mlir/debug/type_inference/vivado_prjs/shift/kernel.prj/solution1/.autopilot/db/a.o.1.bc
INFO-FLOW: Presyn 1...
Execute           transform -hls -tmp /work/shared/users/phd/nz264/mlir/debug/type_inference/vivado_prjs/shift/kernel.prj/solution1/.autopilot/db -interface-port-rename -type-info -function-uniquify -directive-preproc -mem2reg -dse -dce -disaggr -scalarrepl -norm-name -deadargelim -mem2reg -instcombine -dce -simplifycfg -auto-rom-infer -dce -function-uniquify -resource-proc -clib-intrinsic-prepare -dce -func-buffer -dce -pag -array-normalize -func-legal -instcombine -gvn -constprop -dce -simplifycfg -mem2reg -globaldce -resolve-double-ptr -dce -deadargelim -dce -instcombine -ptrArgReplace -mem2reg -dce -array-seg-normalize -deadargelim -instcombine -dce -pointer-simplify -dce -port-alignment -dce -interface-preproc -data-pack -instcombine -dce -basicaa -aggr-aa -aggrmodref-aa -aggr-aa -gvn -gvn -basicaa -aggr-aa -aggrmodref-aa -aggr-aa -dse -adse -adce -loop-simplify -indvars -instcombine -gvn -loop-simplify -mem2reg -dce -find-region -instcombine -auto-loop-pipeline -inst-simplify -interface-preproc -cfgopt -instcombine -indvars -auto-loop-unroll -loop-simplify -loop-bound -xunroll -constprop -instcombine -simplifycfg -indvars -simplifycfg -dce -globaldce -clean-region -attach-range -gvn -inst-simplify -constprop -simplifycfg -dce -pointer-simplify -dce -globalopt -constprop -dce -array-promote -constprop -dce -ptrArgReplace -mem2reg -simplifycfg -dce -auto-par -instcombine -dce -array-transform-check -array-reshape -instcombine -simplifycfg -dce -ptrArgReplace -deadargelim -mem2reg -instcombine -simplifycfg -dce -indvars -loop-simplify -loop-bound -xunroll -constprop -instcombine -simplifycfg -indvars -simplifycfg -dce -globaldce -basicaa -aggr-aa -aggrmodref-aa -aggr-aa -dse -duplicate-dataflow-processes -globaldce -instcombine -array-partition -instcombine -simplifycfg -dce -ptrArgReplace -global-constprop -deadargelim -mem2reg -func-legal -dce -global-constprop -deadargelim -mem2reg -simplifycfg -dce -merge-param -deadargelim -globalopt -constprop -dce -array-promote -constprop -dce -ptrArgReplace -mem2reg -simplifycfg -dce -mem-intrinsic-preproc -dce -global-internalize -global-privatize -mem2reg -globaldce -promote-global-argument -ptrArgReplace -mem2reg -dce -globalopt -mergereturn -simplify-global-access -mem2reg -dce -pointer-simplify -dce -functionattrs -basicaa -aggr-aa -aggrmodref-aa -aggr-aa -gvn -gvn -basicaa -aggr-aa -aggrmodref-aa -aggr-aa -dse -adse -adce -dce -norm-name -function-inline -complex-op-raise -inst-simplify -globaldce -func-inst -constprop -instcombine -simplifycfg -dce -func-legal -dce -loop-bound -arraycheck -bitwidthmin -on-by-dataflow -loop-delete -instcombine -simplifycfg -globaldce -dce -gvn -deadargelim -dce -loop-simplify -clean-region -simplifycfg -propagate-stable-arguments -loop-stream -instcombine -simplifycfg -dce -globaldce -duplicate-dataflow-processes -stream-intrinsic-preproc -dce -check-ap-stream -loop-simplify -eliminate-keepreads -extract-dataflow-in-loop -loop-simplify -dce -gvn -deadargelim -dse -check-dataflow-syntax -legalize-stream-variable -legalize-global -extract-subproc -dce -dead-channel-elimination -canonicalize-gep -globaldce -dce -gvn -deadargelim -annotate-dataflow-channels -scalar-propagation -deadargelim -globaldce -mem2reg -check-dataflow-channels -function-stream -dce -globaldce -prop-fifo-spec -internal-stream-gen -canonicalize-gep -globaldce -dce -gvn -deadargelim -mergereturn -indvars -loop-simplify -instcombine -array-stream -array-seg-normalize -array-partition -func-legal -instcombine -simplifycfg -dce -bundle-memfifo-ops -deadargelim -function-uniquify -directive-preproc -mem2reg -dse -dce -group-axi-access -licm -simplifycfg -dce -loop-delete -norm-name /work/shared/users/phd/nz264/mlir/debug/type_inference/vivado_prjs/shift/kernel.prj/solution1/.autopilot/db/a.o.1.bc -o /work/shared/users/phd/nz264/mlir/debug/type_inference/vivado_prjs/shift/kernel.prj/solution1/.autopilot/db/a.o.1.tmp.bc -f 
INFO-FLOW: Presyn 2...
Execute           transform -hls -keep-callgraph -scalarrepl -mem2reg -port-alignment -attach-range -dce -pipe-mux-gen -indvars -loop-bound -inst-simplify -instcombine -dce -merge-array-access -mem2reg -dce -clean-region -mergereturn -if-conv -instcombine -dce -constprop -basicaa -aggr-aa -aggrmodref-aa -aggr-aa -gvn -gvn -basicaa -aggr-aa -aggrmodref-aa -aggr-aa -dse -adse -adce -scalarrepl -mem2reg -global-constprop -deadargelim -deadargelim -instcombine -dce -simplifycfg -ptrArgReplace -mem2reg -function-inline -globaldce -mem2reg -instcombine -dce -expr-balance -instcombine -dce -bitwidthmin -interface-preproc -directive-preproc -inst-rectify -instcombine -dce -functionattrs -constprop -instcombine -bit-constprop -simplify-global-access -globalopt -globaldce -inst-simplify -instcombine -elimdeaddata -dce -loop-delete -simplifycfg -loop-simplify -auto-burst -norm-name /work/shared/users/phd/nz264/mlir/debug/type_inference/vivado_prjs/shift/kernel.prj/solution1/.autopilot/db/a.o.1.tmp.bc -o /work/shared/users/phd/nz264/mlir/debug/type_inference/vivado_prjs/shift/kernel.prj/solution1/.autopilot/db/a.o.2.bc -f -phase presyn 
INFO: [XFORM 203-401] Performing if-conversion on hyperblock from (kernel.cpp:7:9) to (kernel.cpp:5:29) in function 'kernel'... converting 4 basic blocks.
INFO: [HLS 200-111] Finished Pre-synthesis Time (s): cpu = 00:00:18 ; elapsed = 00:00:23 . Memory (MB): peak = 1057.715 ; gain = 527.219 ; free physical = 143235 ; free virtual = 193238
INFO-FLOW: Building ssdm...
Execute           transform -hls -function-uniquify -auto-function-inline -globaldce -ptrArgReplace -mem2reg -dce -reset-lda -loop-simplify -indvars -licm -loop-dep -loop-bound -licm -loop-simplify -flattenloopnest -array-flatten -gvn -instcombine -dce -array-map -dce -func-legal -gvn -adce -instcombine -cfgopt -simplifycfg -loop-simplify -array-burst -promote-global-argument -dce -ptrLegalization -axi4-lower -array-seg-normalize -basicaa -aggrmodref-aa -globalsmodref-aa -aggr-aa -gvn -gvn -basicaa -aggrmodref-aa -globalsmodref-aa -aggr-aa -dse -adse -adce -licm -inst-simplify -dce -globaldce -instcombine -array-stream -eliminate-keepreads -instcombine -dce -deadargelim -doublePtrSimplify -doublePtrElim -dce -doublePtrSimplify -promote-dbg-pointer -dce -scalarrepl -mem2reg -disaggr -norm-name -mem2reg -instcombine -dse -adse -adce -ptrLegalization -dce -auto-rom-infer -array-flatten -dce -instcombine -check-doubleptr -loop-rot -constprop -cfgopt -simplifycfg -loop-simplify -indvars -pointer-simplify -dce -loop-bound -loop-simplify -loop-preproc -constprop -global-constprop -gvn -mem2reg -instcombine -dce -loop-bound -loop-merge -dce -bitwidthmin -deadargelim -dce -canonicalize-dataflow -dce -scalar-propagation -deadargelim -globaldce -mem2reg -read-loop-dep -interface-preproc -directive-preproc -interface-gen -bram-byte-enable -deadargelim -inst-simplify -dce -gvn -mem2reg -instcombine -dce -adse -loop-bound -instcombine -cfgopt -simplifycfg -loop-simplify -clean-region -io-protocol -find-region -mem2reg -bitop-raise -complex-op-raise -inst-simplify -inst-rectify -instcombine -adce -deadargelim -loop-simplify -phi-opt -bitop-raise -cfgopt -simplifycfg -strip-dead-prototypes -interface-lower -bitop-lower -intrinsic-lower -auto-function-inline -basicaa -aggrmodref-aa -globalsmodref-aa -aggr-aa -inst-simplify -simplifycfg -loop-simplify -mergereturn -inst-simplify -inst-rectify -dce -load-elim -bitop-lower -loop-rewind -pointer-simplify -dce -cfgopt -dce -loop-bound -loop-dep -read-loop-dep -dce -check-stream -norm-name -legalize -validate-dataflow -inst-clarity -bitwidth -dump-loop-dep-to-ir -check-all-ssdm -cdfg-build /work/shared/users/phd/nz264/mlir/debug/type_inference/vivado_prjs/shift/kernel.prj/solution1/.autopilot/db/a.o.2.bc -o /work/shared/users/phd/nz264/mlir/debug/type_inference/vivado_prjs/shift/kernel.prj/solution1/.autopilot/db/a.o.3.bc -f -phase build-ssdm 
INFO: [HLS 200-111] Finished Architecture Synthesis Time (s): cpu = 00:00:18 ; elapsed = 00:00:23 . Memory (MB): peak = 1057.715 ; gain = 527.219 ; free physical = 143235 ; free virtual = 193238
INFO-FLOW: Finish building internal data model.
Command         opt_and_import_c done; 1.69 sec.
Command       elaborate done; 16.75 sec.
Execute       autosyn -from_csynth_design=1 
INFO: [HLS 200-10] Starting hardware synthesis ...
INFO-FLOW: Synthesizing C/C++ design ...
INFO: [HLS 200-10] Synthesizing 'kernel' ...
Execute         ap_set_top_model kernel 
Execute         get_model_list kernel -filter all-wo-channel -topdown 
Execute         preproc_iomode -model kernel 
Execute         get_model_list kernel -filter all-wo-channel 
INFO-FLOW: Model list for configure: kernel
INFO-FLOW: Configuring Module : kernel ...
Execute         set_default_model kernel 
Execute         apply_spec_resource_limit kernel 
INFO-FLOW: Model list for preprocess: kernel
INFO-FLOW: Preprocessing Module: kernel ...
Execute         set_default_model kernel 
Execute         cdfg_preprocess -model kernel 
Execute         rtl_gen_preprocess kernel 
INFO-FLOW: Model list for synthesis: kernel
INFO: [HLS 200-10] ----------------------------------------------------------------
INFO: [HLS 200-42] -- Implementing module 'kernel' 
INFO: [HLS 200-10] ----------------------------------------------------------------
Execute         set_default_model kernel 
Execute         schedule -model kernel 
INFO: [SCHED 204-11] Starting scheduling ...
INFO: [SCHED 204-11] Finished scheduling.
INFO: [HLS 200-111]  Elapsed time: 22.9 seconds; current allocated memory: 118.968 MB.
Execute         syn_report -verbosereport -o /work/shared/users/phd/nz264/mlir/debug/type_inference/vivado_prjs/shift/kernel.prj/solution1/.autopilot/db/kernel.verbose.sched.rpt 
Execute         db_write -o /work/shared/users/phd/nz264/mlir/debug/type_inference/vivado_prjs/shift/kernel.prj/solution1/.autopilot/db/kernel.sched.adb -f 
INFO-FLOW: Finish scheduling kernel.
Execute         set_default_model kernel 
Execute         bind -model kernel 
BIND OPTION: model=kernel
INFO: [BIND 205-100] Starting micro-architecture generation ...
INFO: [BIND 205-101] Performing variable lifetime analysis.
INFO: [BIND 205-101] Exploring resource sharing.
INFO: [BIND 205-101] Binding ...
INFO: [BIND 205-100] Finished micro-architecture generation.
INFO: [HLS 200-111]  Elapsed time: 0.08 seconds; current allocated memory: 119.094 MB.
Execute         syn_report -verbosereport -o /work/shared/users/phd/nz264/mlir/debug/type_inference/vivado_prjs/shift/kernel.prj/solution1/.autopilot/db/kernel.verbose.bind.rpt 
Execute         db_write -o /work/shared/users/phd/nz264/mlir/debug/type_inference/vivado_prjs/shift/kernel.prj/solution1/.autopilot/db/kernel.bind.adb -f 
INFO-FLOW: Finish binding kernel.
Execute         get_model_list kernel -filter all-wo-channel 
INFO-FLOW: Preprocessing for RTLGen ...
Execute         rtl_gen_preprocess kernel 
INFO-FLOW: Model list for RTL generation: kernel
INFO: [HLS 200-10] ----------------------------------------------------------------
INFO: [HLS 200-10] -- Generating RTL for module 'kernel' 
INFO: [HLS 200-10] ----------------------------------------------------------------
Execute         get_config_rtl -module_prefix 
Execute         get_config_rtl -module_auto_prefix 
Execute         create_rtl_model kernel -vendor xilinx -mg_file /work/shared/users/phd/nz264/mlir/debug/type_inference/vivado_prjs/shift/kernel.prj/solution1/.autopilot/db/kernel.compgen.tcl 
INFO: [RTGEN 206-500] Setting interface mode on port 'kernel/A_V' to 'ap_memory'.
INFO: [RTGEN 206-500] Setting interface mode on port 'kernel/x_V' to 'ap_memory'.
INFO: [RTGEN 206-500] Setting interface mode on port 'kernel/y_V' to 'ap_memory'.
INFO: [RTGEN 206-500] Setting interface mode on function 'kernel' to 'ap_ctrl_hs'.
INFO: [RTGEN 206-100] Finished creating RTL model for 'kernel'.
INFO: [HLS 200-111]  Elapsed time: 0.11 seconds; current allocated memory: 119.384 MB.
Execute         source /work/shared/users/phd/nz264/mlir/debug/type_inference/vivado_prjs/shift/kernel.prj/solution1/.autopilot/db/kernel.rtl_wrap.cfg.tcl 
Execute         gen_rtl kernel -istop -style xilinx -tracefl mytrace -tracefmt vcd -traceopt all -f -lang sc -o /work/shared/users/phd/nz264/mlir/debug/type_inference/vivado_prjs/shift/kernel.prj/solution1/syn/systemc/kernel -synmodules kernel 
Execute         gen_rtl kernel -istop -style xilinx -f -lang vhdl -o /work/shared/users/phd/nz264/mlir/debug/type_inference/vivado_prjs/shift/kernel.prj/solution1/syn/vhdl/kernel 
Execute         gen_rtl kernel -istop -style xilinx -f -lang vlog -o /work/shared/users/phd/nz264/mlir/debug/type_inference/vivado_prjs/shift/kernel.prj/solution1/syn/verilog/kernel 
Execute         syn_report -csynth -model kernel -o /work/shared/users/phd/nz264/mlir/debug/type_inference/vivado_prjs/shift/kernel.prj/solution1/syn/report/kernel_csynth.rpt 
Execute         syn_report -rtlxml -model kernel -o /work/shared/users/phd/nz264/mlir/debug/type_inference/vivado_prjs/shift/kernel.prj/solution1/syn/report/kernel_csynth.xml 
Execute         syn_report -verbosereport -model kernel -o /work/shared/users/phd/nz264/mlir/debug/type_inference/vivado_prjs/shift/kernel.prj/solution1/.autopilot/db/kernel.verbose.rpt 
Execute         db_write -model kernel -f -o /work/shared/users/phd/nz264/mlir/debug/type_inference/vivado_prjs/shift/kernel.prj/solution1/.autopilot/db/kernel.adb 
Execute         gen_tb_info kernel -p /work/shared/users/phd/nz264/mlir/debug/type_inference/vivado_prjs/shift/kernel.prj/solution1/.autopilot/db -o /work/shared/users/phd/nz264/mlir/debug/type_inference/vivado_prjs/shift/kernel.prj/solution1/.autopilot/db/kernel 
Execute         export_constraint_db -f -tool general -o /work/shared/users/phd/nz264/mlir/debug/type_inference/vivado_prjs/shift/kernel.prj/solution1/.autopilot/db/kernel.constraint.tcl 
Execute         syn_report -designview -model kernel -o /work/shared/users/phd/nz264/mlir/debug/type_inference/vivado_prjs/shift/kernel.prj/solution1/.autopilot/db/kernel.design.xml 
Execute         get_config_rtl -disable_wave_debug 
Execute         syn_report -wcfg -model kernel -o /work/shared/users/phd/nz264/mlir/debug/type_inference/vivado_prjs/shift/kernel.prj/solution1/.autopilot/db/kernel_dataflow_ana.wcfg 
Execute         syn_report -protoinst -model kernel -o /work/shared/users/phd/nz264/mlir/debug/type_inference/vivado_prjs/shift/kernel.prj/solution1/.autopilot/db/kernel.protoinst 
Execute         get_config_debug -directory 
Execute         sc_get_clocks kernel 
Execute         get_config_export -vivado_clock 
Execute         sc_get_portdomain kernel 
INFO-FLOW: Model list for RTL component generation: kernel
INFO-FLOW: Handling components in module [kernel] ... 
Execute         source /work/shared/users/phd/nz264/mlir/debug/type_inference/vivado_prjs/shift/kernel.prj/solution1/.autopilot/db/kernel.compgen.tcl 
INFO-FLOW: Append model kernel
INFO-FLOW: Generating RTL model list ...
INFO-FLOW: All models in this session: kernel
INFO-FLOW: To file: write model kernel
INFO-FLOW: Finished generating RTL model list.


INFO-FLOW: RTL Generation done.
INFO-FLOW: CAS Generation done.
INFO-FLOW: CBC Generation done.
Execute         syn_report -model kernel -printsummary 
INFO: [HLS 200-790] **** Loop Constraint Status: All loop constraints were satisfied.
INFO: [HLS 200-789] **** Estimated Fmax: 148.32 MHz
INFO-FLOW: DBG:CMD: auto_generate_csynth_design
INFO-FLOW: DBG:CMD:     auto_generate --sim-model -phase csynth_design -d /work/shared/users/phd/nz264/mlir/debug/type_inference/vivado_prjs/shift/kernel.prj/solution1
Execute         source /work/shared/users/phd/nz264/mlir/debug/type_inference/vivado_prjs/shift/kernel.prj/solution1/.autopilot/db/global.setting.tcl 
INFO-FLOW: DBG:CMD: read_platform_lib /work/shared/users/phd/nz264/mlir/debug/type_inference/vivado_prjs/shift/kernel.prj/solution1/.autopilot/db/global.setting.tcl
Execute         source /opt/xilinx/Xilinx_Vivado_vitis_2019.2/Vivado/2019.2/common/technology/generic/autopilot/common.gen 
Execute           source /opt/xilinx/Xilinx_Vivado_vitis_2019.2/Vivado/2019.2/common/technology/generic/autopilot/APCoreGen.gen 
Execute         source /opt/xilinx/Xilinx_Vivado_vitis_2019.2/Vivado/2019.2/common/technology/generic/autopilot/op.gen 
Execute         source /opt/xilinx/Xilinx_Vivado_vitis_2019.2/Vivado/2019.2/common/technology/generic/autopilot/op_simcore.gen 
Execute         source /opt/xilinx/Xilinx_Vivado_vitis_2019.2/Vivado/2019.2/common/technology/generic/autopilot/interface.gen 
Execute         source /work/shared/users/phd/nz264/mlir/debug/type_inference/vivado_prjs/shift/kernel.prj/solution1/.autopilot/db/global.setting.tcl 
Execute         source /opt/xilinx/Xilinx_Vivado_vitis_2019.2/Vivado/2019.2/common/technology/xilinx/zynq/zynq.gen 
Execute           source /opt/xilinx/Xilinx_Vivado_vitis_2019.2/Vivado/2019.2/common/technology/xilinx/common/xilinx.gen 
Execute             source /opt/xilinx/Xilinx_Vivado_vitis_2019.2/Vivado/2019.2/common/technology/xilinx/interface/plb46.gen 
Execute             source /opt/xilinx/Xilinx_Vivado_vitis_2019.2/Vivado/2019.2/common/technology/xilinx/interface/fsl.gen 
Execute             source /opt/xilinx/Xilinx_Vivado_vitis_2019.2/Vivado/2019.2/common/technology/xilinx/interface/axi4.gen 
Execute             source /opt/xilinx/Xilinx_Vivado_vitis_2019.2/Vivado/2019.2/common/technology/xilinx/interface/nativeAXI4.gen 
Execute               source /opt/xilinx/Xilinx_Vivado_vitis_2019.2/Vivado/2019.2/common/technology/xilinx/interface/saxilite.gen 
Execute               source /opt/xilinx/Xilinx_Vivado_vitis_2019.2/Vivado/2019.2/common/technology/xilinx/interface/maxi.gen 
Execute             source /opt/xilinx/Xilinx_Vivado_vitis_2019.2/Vivado/2019.2/common/technology/xilinx/scripts/xilinxcoregen.gen 
Execute             source /opt/xilinx/Xilinx_Vivado_vitis_2019.2/Vivado/2019.2/common/technology/xilinx/interface/XilEDKCoreGen.gen 
Execute             source /opt/xilinx/Xilinx_Vivado_vitis_2019.2/Vivado/2019.2/common/technology/xilinx/ip/dds_compiler.gen 
Execute             source /opt/xilinx/Xilinx_Vivado_vitis_2019.2/Vivado/2019.2/common/technology/xilinx/ip/util.gen 
Execute             source /opt/xilinx/Xilinx_Vivado_vitis_2019.2/Vivado/2019.2/common/technology/xilinx/ip/xfft.gen 
Command             ap_source done; 0.12 sec.
Execute             source /opt/xilinx/Xilinx_Vivado_vitis_2019.2/Vivado/2019.2/common/technology/xilinx/ip/xfir.gen 
Execute             source /opt/xilinx/Xilinx_Vivado_vitis_2019.2/Vivado/2019.2/common/technology/xilinx/common/dsp48.gen 
Command           ap_source done; 0.2 sec.
Command         ap_source done; 0.2 sec.
Execute         source /opt/xilinx/Xilinx_Vivado_vitis_2019.2/Vivado/2019.2/common/technology/xilinx/zynq/zynq_fpv6.gen 
Execute           source /opt/xilinx/Xilinx_Vivado_vitis_2019.2/Vivado/2019.2/common/technology/xilinx/common/xilinx_fp.gen 
INFO-FLOW: DBG:CMD:   using AESL_AUTOCG::g_clock_period=10.000 (was NA)
INFO-FLOW: DBG:CMD:       generate_ip_cores sim=1 export=0 expOnly=0 dstVlogDir=syn/verilog
Execute         source /work/shared/users/phd/nz264/mlir/debug/type_inference/vivado_prjs/shift/kernel.prj/solution1/.autopilot/db/global.setting.tcl 
Execute         ap_part_info -name xc7z020-clg484-1 -data names -quiet 
Execute         ap_part_info -name xc7z020-clg484-1 -data info -quiet 
Execute         source /work/shared/users/phd/nz264/mlir/debug/type_inference/vivado_prjs/shift/kernel.prj/solution1/.autopilot/db/global.setting.tcl 
Execute         source /work/shared/users/phd/nz264/mlir/debug/type_inference/vivado_prjs/shift/kernel.prj/solution1/.autopilot/db/global.setting.tcl 
Execute         source /work/shared/users/phd/nz264/mlir/debug/type_inference/vivado_prjs/shift/kernel.prj/solution1/.autopilot/db/kernel.compgen.tcl 
INFO-FLOW: DBG:CMD:     auto_generate -export -impltomg_flag -rtl both -tool Vivado -pcore_version 1.00.a -phase csynth_design -d /work/shared/users/phd/nz264/mlir/debug/type_inference/vivado_prjs/shift/kernel.prj/solution1
Execute         source /work/shared/users/phd/nz264/mlir/debug/type_inference/vivado_prjs/shift/kernel.prj/solution1/.autopilot/db/global.setting.tcl 
INFO-FLOW: DBG:CMD: read_platform_lib /work/shared/users/phd/nz264/mlir/debug/type_inference/vivado_prjs/shift/kernel.prj/solution1/.autopilot/db/global.setting.tcl
Execute         source /opt/xilinx/Xilinx_Vivado_vitis_2019.2/Vivado/2019.2/common/technology/generic/autopilot/common.gen 
Execute           source /opt/xilinx/Xilinx_Vivado_vitis_2019.2/Vivado/2019.2/common/technology/generic/autopilot/APCoreGen.gen 
Execute         source /opt/xilinx/Xilinx_Vivado_vitis_2019.2/Vivado/2019.2/common/technology/generic/autopilot/op.gen 
Execute         source /opt/xilinx/Xilinx_Vivado_vitis_2019.2/Vivado/2019.2/common/technology/generic/autopilot/op_simcore.gen 
Execute         source /opt/xilinx/Xilinx_Vivado_vitis_2019.2/Vivado/2019.2/common/technology/generic/autopilot/interface.gen 
Execute         source /work/shared/users/phd/nz264/mlir/debug/type_inference/vivado_prjs/shift/kernel.prj/solution1/.autopilot/db/global.setting.tcl 
Execute         source /opt/xilinx/Xilinx_Vivado_vitis_2019.2/Vivado/2019.2/common/technology/xilinx/zynq/zynq.gen 
Execute           source /opt/xilinx/Xilinx_Vivado_vitis_2019.2/Vivado/2019.2/common/technology/xilinx/common/xilinx.gen 
Execute             source /opt/xilinx/Xilinx_Vivado_vitis_2019.2/Vivado/2019.2/common/technology/xilinx/interface/plb46.gen 
Execute             source /opt/xilinx/Xilinx_Vivado_vitis_2019.2/Vivado/2019.2/common/technology/xilinx/interface/fsl.gen 
Execute             source /opt/xilinx/Xilinx_Vivado_vitis_2019.2/Vivado/2019.2/common/technology/xilinx/interface/axi4.gen 
Execute             source /opt/xilinx/Xilinx_Vivado_vitis_2019.2/Vivado/2019.2/common/technology/xilinx/interface/nativeAXI4.gen 
Execute               source /opt/xilinx/Xilinx_Vivado_vitis_2019.2/Vivado/2019.2/common/technology/xilinx/interface/saxilite.gen 
Execute               source /opt/xilinx/Xilinx_Vivado_vitis_2019.2/Vivado/2019.2/common/technology/xilinx/interface/maxi.gen 
Execute             source /opt/xilinx/Xilinx_Vivado_vitis_2019.2/Vivado/2019.2/common/technology/xilinx/scripts/xilinxcoregen.gen 
Execute             source /opt/xilinx/Xilinx_Vivado_vitis_2019.2/Vivado/2019.2/common/technology/xilinx/interface/XilEDKCoreGen.gen 
Execute             source /opt/xilinx/Xilinx_Vivado_vitis_2019.2/Vivado/2019.2/common/technology/xilinx/ip/dds_compiler.gen 
Execute             source /opt/xilinx/Xilinx_Vivado_vitis_2019.2/Vivado/2019.2/common/technology/xilinx/ip/util.gen 
Execute             source /opt/xilinx/Xilinx_Vivado_vitis_2019.2/Vivado/2019.2/common/technology/xilinx/ip/xfft.gen 
Execute             source /opt/xilinx/Xilinx_Vivado_vitis_2019.2/Vivado/2019.2/common/technology/xilinx/ip/xfir.gen 
Execute             source /opt/xilinx/Xilinx_Vivado_vitis_2019.2/Vivado/2019.2/common/technology/xilinx/common/dsp48.gen 
Command           ap_source done; 0.14 sec.
Command         ap_source done; 0.15 sec.
Execute         source /opt/xilinx/Xilinx_Vivado_vitis_2019.2/Vivado/2019.2/common/technology/xilinx/zynq/zynq_fpv6.gen 
Execute           source /opt/xilinx/Xilinx_Vivado_vitis_2019.2/Vivado/2019.2/common/technology/xilinx/common/xilinx_fp.gen 
INFO-FLOW: DBG:CMD:       initCTypeInfo top_module=kernel xml_exists=0
Execute         source /work/shared/users/phd/nz264/mlir/debug/type_inference/vivado_prjs/shift/kernel.prj/solution1/.autopilot/db/kernel.rtl_wrap.cfg.tcl 
Execute         source /work/shared/users/phd/nz264/mlir/debug/type_inference/vivado_prjs/shift/kernel.prj/solution1/.autopilot/db/kernel.rtl_wrap.cfg.tcl 
Execute         source /work/shared/users/phd/nz264/mlir/debug/type_inference/vivado_prjs/shift/kernel.prj/solution1/.autopilot/db/kernel.rtl_wrap.cfg.tcl 
Execute         source /work/shared/users/phd/nz264/mlir/debug/type_inference/vivado_prjs/shift/kernel.prj/solution1/.autopilot/db/kernel.tbgen.tcl 
Execute         source /work/shared/users/phd/nz264/mlir/debug/type_inference/vivado_prjs/shift/kernel.prj/solution1/.autopilot/db/kernel.tbgen.tcl 
INFO-FLOW: DBG:CMD:       export_impl_rtl
INFO-FLOW: DBG:CMD:       generate_ip_cores sim=0 export=0 expOnly=0 dstVlogDir=impl/.verilog
Execute         source /work/shared/users/phd/nz264/mlir/debug/type_inference/vivado_prjs/shift/kernel.prj/solution1/.autopilot/db/global.setting.tcl 
Execute         source /work/shared/users/phd/nz264/mlir/debug/type_inference/vivado_prjs/shift/kernel.prj/solution1/.autopilot/db/kernel.compgen.tcl 
INFO-FLOW: DBG:CMD:       generate_ip_cores sim=0 export=1 expOnly=1 dstVlogDir=impl/.pcores/verilog
Execute         source /work/shared/users/phd/nz264/mlir/debug/type_inference/vivado_prjs/shift/kernel.prj/solution1/.autopilot/db/global.setting.tcl 
Execute         source /work/shared/users/phd/nz264/mlir/debug/type_inference/vivado_prjs/shift/kernel.prj/solution1/.autopilot/db/kernel.compgen.tcl 
Execute           ap_part_info -name xc7z020-clg484-1 -data names -quiet 
Execute           ap_part_info -name xc7z020-clg484-1 -data info -quiet 
Execute           ap_part_info -name xc7z020-clg484-1 -data names -quiet 
Execute           ap_part_info -name xc7z020-clg484-1 -data info -quiet 
Execute           source /work/shared/users/phd/nz264/mlir/debug/type_inference/vivado_prjs/shift/kernel.prj/solution1/.autopilot/db/kernel.tbgen.tcl 
Execute           source /work/shared/users/phd/nz264/mlir/debug/type_inference/vivado_prjs/shift/kernel.prj/solution1/.autopilot/db/kernel.tbgen.tcl 
Execute           source /work/shared/users/phd/nz264/mlir/debug/type_inference/vivado_prjs/shift/kernel.prj/solution1/.autopilot/db/kernel.tbgen.tcl 
Execute           ap_part_info -name xc7z020-clg484-1 -data names -quiet 
Execute           ap_part_info -name xc7z020-clg484-1 -data info -quiet 
Execute           ap_part_info -name xc7z020-clg484-1 -data names -quiet 
Execute           ap_part_info -name xc7z020-clg484-1 -data info -quiet 
Execute           ap_part_info -name xc7z020-clg484-1 -data names -quiet 
Execute           ap_part_info -name xc7z020-clg484-1 -data info -quiet 
Execute           ap_part_info -name xc7z020-clg484-1 -data names -quiet 
Execute           ap_part_info -name xc7z020-clg484-1 -data info -quiet 
Execute           ap_part_info -name xc7z020-clg484-1 -data names -quiet 
Execute           ap_part_info -name xc7z020-clg484-1 -data info -quiet 
Command         ap_source done; 0.19 sec.
Execute         ap_part_info -name xc7z020-clg484-1 -data names -quiet 
Execute         ap_part_info -name xc7z020-clg484-1 -data info -quiet 
INFO-FLOW: DBG:CMD:       generate_ip_cores sim=0 export=0 expOnly=0 dstVlogDir=impl/.pcores/verilog_sim
Execute         source /work/shared/users/phd/nz264/mlir/debug/type_inference/vivado_prjs/shift/kernel.prj/solution1/.autopilot/db/global.setting.tcl 
Execute         source /work/shared/users/phd/nz264/mlir/debug/type_inference/vivado_prjs/shift/kernel.prj/solution1/.autopilot/db/kernel.compgen.tcl 
Execute         ap_part_info -name xc7z020-clg484-1 -data names -quiet 
Execute         ap_part_info -name xc7z020-clg484-1 -data info -quiet 
Execute         ap_part_info -name xc7z020-clg484-1 -data names -quiet 
Execute         ap_part_info -name xc7z020-clg484-1 -data info -quiet 
Execute         source /work/shared/users/phd/nz264/mlir/debug/type_inference/vivado_prjs/shift/kernel.prj/solution1/.autopilot/db/global.setting.tcl 
Execute         ap_part_info -name xc7z020-clg484-1 -data names -quiet 
Execute         ap_part_info -name xc7z020-clg484-1 -data info -quiet 
Execute         source /work/shared/users/phd/nz264/mlir/debug/type_inference/vivado_prjs/shift/kernel.prj/solution1/.autopilot/db/kernel.constraint.tcl 
Execute         source /work/shared/users/phd/nz264/mlir/debug/type_inference/vivado_prjs/shift/kernel.prj/solution1/.autopilot/db/kernel.tbgen.tcl 
INFO-FLOW: DBG:CMD:       hasPcoreIpAdapter=false #gSsdmPorts=8
INFO-FLOW: DBG:CMD: Skipping loadAnalyze_DB, #g_database=3
INFO-FLOW: DBG:CMD:       generate_json is_phase_csynth=1 g_has_adaptors=false generate_bd_files=0 #modelList=1 #gSsdmPorts=8
Execute         source /opt/xilinx/Xilinx_Vivado_vitis_2019.2/Vivado/2019.2/tps/tcl/tcllib1.11.1/fileutil/fileutil.tcl 
Execute         source /work/shared/users/phd/nz264/mlir/debug/type_inference/vivado_prjs/shift/kernel.prj/solution1/.autopilot/db/global.setting.tcl 
Execute         source /work/shared/users/phd/nz264/mlir/debug/type_inference/vivado_prjs/shift/kernel.prj/solution1/.autopilot/db/global.setting.tcl 
Execute         get_config_export -xo 
Execute         source /work/shared/users/phd/nz264/mlir/debug/type_inference/vivado_prjs/shift/kernel.prj/solution1/.autopilot/db/kernel.tbgen.tcl 
Execute         source /work/shared/users/phd/nz264/mlir/debug/type_inference/vivado_prjs/shift/kernel.prj/solution1/.autopilot/db/kernel.tbgen.tcl 
Execute         source /work/shared/users/phd/nz264/mlir/debug/type_inference/vivado_prjs/shift/kernel.prj/solution1/.autopilot/db/kernel.tbgen.tcl 
Execute         source /work/shared/users/phd/nz264/mlir/debug/type_inference/vivado_prjs/shift/kernel.prj/solution1/.autopilot/db/global.setting.tcl 
Execute         get_config_sdx -target 
Execute         source /work/shared/users/phd/nz264/mlir/debug/type_inference/vivado_prjs/shift/kernel.prj/solution1/.autopilot/db/kernel.rtl_wrap.cfg.tcl 
Execute         source /work/shared/users/phd/nz264/mlir/debug/type_inference/vivado_prjs/shift/kernel.prj/solution1/.autopilot/db/kernel.compgen.dataonly.tcl 
Execute         source /work/shared/users/phd/nz264/mlir/debug/type_inference/vivado_prjs/shift/kernel.prj/solution1/.autopilot/db/global.setting.tcl 
Execute         ap_part_info -name xc7z020-clg484-1 -data names -quiet 
Execute         ap_part_info -name xc7z020-clg484-1 -data info -quiet 
Execute         source /work/shared/users/phd/nz264/mlir/debug/type_inference/vivado_prjs/shift/kernel.prj/solution1/.autopilot/db/kernel.constraint.tcl 
Execute         sc_get_clocks kernel 
Execute         ap_part_info -name xc7z020-clg484-1 -data names -quiet 
Execute         ap_part_info -name xc7z020-clg484-1 -data info -quiet 
Execute         source /work/shared/users/phd/nz264/mlir/debug/type_inference/vivado_prjs/shift/kernel.prj/solution1/.autopilot/db/global.setting.tcl 
Execute         get_config_debug -directory 
Execute         source /work/shared/users/phd/nz264/mlir/debug/type_inference/vivado_prjs/shift/kernel.prj/solution1/.autopilot/db/kernel.tbgen.tcl 
Execute         get_config_sdx -target 
Execute         get_config_sdx -profile 
Execute         get_config_rtl -kernel_profile 
Execute         get_config_rtl -stall_sig_gen 
Execute         get_config_rtl -profile 
INFO-FLOW: DBG:CMD: add_json_sdx_info kernel file does not exist, skipping opencl info: /work/shared/users/phd/nz264/mlir/debug/type_inference/vivado_prjs/shift/kernel.prj/solution1/.autopilot/db/kernel.internal.xml
INFO-FLOW: DBG:CMD:       delete-temp-dirs (skipped for debug)
INFO: [HLS 200-111] Finished generating all RTL models Time (s): cpu = 00:00:20 ; elapsed = 00:00:25 . Memory (MB): peak = 1057.723 ; gain = 527.227 ; free physical = 143226 ; free virtual = 193229
INFO: [VHDL 208-304] Generating VHDL RTL for kernel.
INFO: [VLOG 209-307] Generating Verilog RTL for kernel.
Command       autosyn done; 2.17 sec.
Command     csynth_design done; 18.94 sec.
Execute     cleanup_all 
