

================================================================
== Vivado HLS Report for 'kernel'
================================================================
* Date:           Sat Jan  7 21:06:12 2023

* Version:        2019.2.1 (Build 2724168 on Thu Dec 05 05:19:09 MST 2019)
* Project:        kernel.prj
* Solution:       solution1
* Product family: zynq
* Target device:  xc7z020-clg484-1


================================================================
== Performance Estimates
================================================================
+ Timing: 
    * Summary: 
    +--------+----------+----------+------------+
    |  Clock |  Target  | Estimated| Uncertainty|
    +--------+----------+----------+------------+
    |ap_clk  | 10.00 ns | 6.742 ns |   1.25 ns  |
    +--------+----------+----------+------------+

+ Latency: 
    * Summary: 
    +---------+---------+----------+----------+-----+-----+---------+
    |  Latency (cycles) |  Latency (absolute) |  Interval | Pipeline|
    |   min   |   max   |    min   |    max   | min | max |   Type  |
    +---------+---------+----------+----------+-----+-----+---------+
    |       49|       49| 0.490 us | 0.490 us |   49|   49|   none  |
    +---------+---------+----------+----------+-----+-----+---------+

    + Detail: 
        * Instance: 
        N/A

        * Loop: 
        +----------+---------+---------+----------+-----------+-----------+------+----------+
        |          |  Latency (cycles) | Iteration|  Initiation Interval  | Trip |          |
        | Loop Name|   min   |   max   |  Latency |  achieved |   target  | Count| Pipelined|
        +----------+---------+---------+----------+-----------+-----------+------+----------+
        |- Loop 1  |       48|       48|         3|          -|          -|    16|    no    |
        +----------+---------+---------+----------+-----------+-----------+------+----------+



================================================================
== Utilization Estimates
================================================================
* Summary: 
+-----------------+---------+-------+--------+-------+-----+
|       Name      | BRAM_18K| DSP48E|   FF   |  LUT  | URAM|
+-----------------+---------+-------+--------+-------+-----+
|DSP              |        -|      -|       -|      -|    -|
|Expression       |        -|      -|       0|    338|    -|
|FIFO             |        -|      -|       -|      -|    -|
|Instance         |        -|      -|       -|      -|    -|
|Memory           |        -|      -|       -|      -|    -|
|Multiplexer      |        -|      -|       -|     36|    -|
|Register         |        -|      -|     115|      -|    -|
+-----------------+---------+-------+--------+-------+-----+
|Total            |        0|      0|     115|    374|    0|
+-----------------+---------+-------+--------+-------+-----+
|Available        |      280|    220|  106400|  53200|    0|
+-----------------+---------+-------+--------+-------+-----+
|Utilization (%)  |        0|      0|   ~0   |   ~0  |    0|
+-----------------+---------+-------+--------+-------+-----+

+ Detail: 
    * Instance: 
    N/A

    * DSP48E: 
    N/A

    * Memory: 
    N/A

    * FIFO: 
    N/A

    * Expression: 
    +------------------------+----------+-------+---+-----+------------+------------+
    |      Variable Name     | Operation| DSP48E| FF| LUT | Bitwidth P0| Bitwidth P1|
    +------------------------+----------+-------+---+-----+------------+------------+
    |i_fu_86_p2              |     +    |      0|  0|   15|           5|           1|
    |y_V_d0                  |     +    |      0|  0|   39|          32|          32|
    |sh_V_1_fu_98_p2         |     -    |      0|  0|   39|           1|          32|
    |r_V_fu_111_p2           |   ashr   |      0|  0|  101|          32|          32|
    |icmp_ln5_fu_80_p2       |   icmp   |      0|  0|   11|           5|           6|
    |select_ln778_fu_119_p3  |  select  |      0|  0|   32|           1|          32|
    |r_V_1_fu_115_p2         |    shl   |      0|  0|  101|          32|          32|
    +------------------------+----------+-------+---+-----+------------+------------+
    |Total                   |          |      0|  0|  338|         108|         167|
    +------------------------+----------+-------+---+-----+------------+------------+

    * Multiplexer: 
    +------------+----+-----------+-----+-----------+
    |    Name    | LUT| Input Size| Bits| Total Bits|
    +------------+----+-----------+-----+-----------+
    |ap_NS_fsm   |  27|          5|    1|          5|
    |i_0_reg_69  |   9|          2|    5|         10|
    +------------+----+-----------+-----+-----------+
    |Total       |  36|          7|    6|         15|
    +------------+----+-----------+-----+-----------+

    * Register: 
    +------------------+----+----+-----+-----------+
    |       Name       | FF | LUT| Bits| Const Bits|
    +------------------+----+----+-----+-----------+
    |A_V_load_reg_167  |  32|   0|   32|          0|
    |ap_CS_fsm         |   4|   0|    4|          0|
    |i_0_reg_69        |   5|   0|    5|          0|
    |i_reg_136         |   5|   0|    5|          0|
    |p_Val2_s_reg_156  |  32|   0|   32|          0|
    |sh_V_1_reg_162    |  32|   0|   32|          0|
    |zext_ln7_reg_141  |   5|   0|   64|         59|
    +------------------+----+----+-----+-----------+
    |Total             | 115|   0|  174|         59|
    +------------------+----+----+-----+-----------+



================================================================
== Interface
================================================================
* Summary: 
+--------------+-----+-----+------------+--------------+--------------+
|   RTL Ports  | Dir | Bits|  Protocol  | Source Object|    C Type    |
+--------------+-----+-----+------------+--------------+--------------+
|ap_clk        |  in |    1| ap_ctrl_hs |    kernel    | return value |
|ap_rst        |  in |    1| ap_ctrl_hs |    kernel    | return value |
|ap_start      |  in |    1| ap_ctrl_hs |    kernel    | return value |
|ap_done       | out |    1| ap_ctrl_hs |    kernel    | return value |
|ap_idle       | out |    1| ap_ctrl_hs |    kernel    | return value |
|ap_ready      | out |    1| ap_ctrl_hs |    kernel    | return value |
|A_V_address0  | out |    4|  ap_memory |      A_V     |     array    |
|A_V_ce0       | out |    1|  ap_memory |      A_V     |     array    |
|A_V_q0        |  in |   32|  ap_memory |      A_V     |     array    |
|x_V_address0  | out |    4|  ap_memory |      x_V     |     array    |
|x_V_ce0       | out |    1|  ap_memory |      x_V     |     array    |
|x_V_q0        |  in |   32|  ap_memory |      x_V     |     array    |
|y_V_address0  | out |    4|  ap_memory |      y_V     |     array    |
|y_V_ce0       | out |    1|  ap_memory |      y_V     |     array    |
|y_V_we0       | out |    1|  ap_memory |      y_V     |     array    |
|y_V_d0        | out |   32|  ap_memory |      y_V     |     array    |
+--------------+-----+-----+------------+--------------+--------------+

